<?xml version="1.0" encoding="UTF-8"?>
<testsuite name="ru.spbhse.erokhina.commands.LsCommandExecutorTest" tests="4" skipped="0" failures="0" errors="0" timestamp="2019-02-18T14:55:20" hostname="vladimir" time="0.02">
  <properties/>
  <testcase name="testLsOneArgument" classname="ru.spbhse.erokhina.commands.LsCommandExecutorTest" time="0.017"/>
  <testcase name="testLsTwoArguments" classname="ru.spbhse.erokhina.commands.LsCommandExecutorTest" time="0.0"/>
  <testcase name="testLsNoSuchDirectory" classname="ru.spbhse.erokhina.commands.LsCommandExecutorTest" time="0.0"/>
  <testcase name="testLsZeroArguments" classname="ru.spbhse.erokhina.commands.LsCommandExecutorTest" time="0.002"/>
  <system-out><![CDATA[]]></system-out>
  <system-err><![CDATA[]]></system-err>
</testsuite>
